<?xml version="1.0" encoding="UTF-8"?>
<!-- Generated by org.testng.reporters.JUnitReportReporter -->
<testsuite hostname="DESKTOP-PALE4QF" failures="0" tests="1" name="testScript.ManageCategoryTest" time="7.680" errors="0" timestamp="2025-06-02T20:42:55 IST" skipped="0">
  <testcase classname="testScript.ManageCategoryTest" name="manageCategoryTest" time="7.680"/>
</testsuite> <!-- testScript.ManageCategoryTest -->
