<?xml version="1.0" encoding="UTF-8"?>
<!-- Generated by org.testng.reporters.JUnitReportReporter -->
<testsuite hostname="DESKTOP-PALE4QF" failures="0" tests="1" name="testScript.ManageCategoryTest" time="5.031" errors="0" timestamp="2025-06-04T00:02:15 IST" skipped="0">
  <testcase classname="testScript.ManageCategoryTest" name="verifyDeleteExistingCategorySuccessfullyInManageCategoryPage" time="5.031"/>
</testsuite> <!-- testScript.ManageCategoryTest -->
