<?xml version="1.0" encoding="UTF-8"?>
<!-- Generated by org.testng.reporters.JUnitReportReporter -->
<testsuite hostname="DESKTOP-PALE4QF" failures="0" tests="2" name="testScript.ManageContactTest" time="12.325" errors="0" timestamp="2025-06-02T20:38:26 IST" skipped="0">
  <testcase classname="testScript.ManageContactTest" name="manageContactTestEdit" time="8.218"/>
  <testcase classname="testScript.ManageContactTest" name="manageContactUpdateButton" time="4.107"/>
</testsuite> <!-- testScript.ManageContactTest -->
