<?xml version="1.0" encoding="UTF-8"?>
<!-- Generated by org.testng.reporters.JUnitReportReporter -->
<testsuite hostname="DESKTOP-PALE4QF" failures="0" tests="1" name="testScript.AdminUsersTest" time="4.615" errors="0" timestamp="2025-06-04T00:34:39 IST" skipped="0">
  <testcase classname="testScript.AdminUsersTest" name="verifyAddNewUsersSuccessfullyInNewAdminusersPage" time="4.615"/>
</testsuite> <!-- testScript.AdminUsersTest -->
