<?xml version="1.0" encoding="UTF-8"?>
<!-- Generated by org.testng.reporters.JUnitReportReporter -->
<testsuite hostname="DESKTOP-PALE4QF" failures="0" tests="1" name="testScript.ManageNewsTest" time="7.503" errors="0" timestamp="2025-06-03T00:50:12 IST" skipped="0">
  <testcase classname="testScript.ManageNewsTest" name="manageNewsTest" time="7.503"/>
</testsuite> <!-- testScript.ManageNewsTest -->
