<?xml version="1.0" encoding="UTF-8"?>
<!-- Generated by org.testng.reporters.JUnitReportReporter -->
<testsuite hostname="DESKTOP-PALE4QF" failures="0" tests="1" name="testScript.AdminUsersTest" time="5.150" errors="0" timestamp="2025-06-03T09:34:43 IST" skipped="0">
  <testcase classname="testScript.AdminUsersTest" name="adminUsersTest" time="5.150"/>
</testsuite> <!-- testScript.AdminUsersTest -->
