<?xml version="1.0" encoding="UTF-8"?>
<!-- Generated by org.testng.reporters.JUnitReportReporter -->
<testsuite hostname="DESKTOP-PALE4QF" failures="0" tests="2" name="testScript.ManageFooterTextTest" time="8.840" errors="0" timestamp="2025-06-04T00:22:48 IST" skipped="0">
  <testcase classname="testScript.ManageFooterTextTest" name="verifyUserCanEditFooterTextDetailsSuccessfullyInManageFooterTextPage" time="4.762"/>
  <testcase classname="testScript.ManageFooterTextTest" name="verifyUpdateButtonIsDisplayedSuccessfullyInTheEditFooterTextSection" time="4.078"/>
</testsuite> <!-- testScript.ManageFooterTextTest -->
