<?xml version="1.0" encoding="UTF-8"?>
<!-- Generated by org.testng.reporters.JUnitReportReporter -->
<testsuite hostname="DESKTOP-PALE4QF" failures="0" tests="1" name="testScript.LogoutTest" time="6.229" errors="0" timestamp="2025-06-02T20:36:59 IST" skipped="0">
  <testcase classname="testScript.LogoutTest" name="logoutTest" time="6.229"/>
</testsuite> <!-- testScript.LogoutTest -->
