<?xml version="1.0" encoding="UTF-8"?>
<!-- Generated by org.testng.reporters.JUnitReportReporter -->
<testsuite hostname="DESKTOP-PALE4QF" failures="0" tests="2" name="testScript.ManageFooterTextTest" time="11.182" errors="0" timestamp="2025-06-02T20:39:29 IST" skipped="0">
  <testcase classname="testScript.ManageFooterTextTest" name="manageFooterUpdateButton" time="4.875"/>
  <testcase classname="testScript.ManageFooterTextTest" name="manageFooterTextTest" time="6.307"/>
</testsuite> <!-- testScript.ManageFooterTextTest -->
