<?xml version="1.0" encoding="UTF-8"?>
<!-- Generated by org.testng.reporters.JUnitReportReporter -->
<testsuite hostname="DESKTOP-PALE4QF" failures="0" tests="1" name="testScript.ManageContactTest" time="5.104" errors="0" timestamp="2025-06-04T00:17:32 IST" skipped="0">
  <testcase classname="testScript.ManageContactTest" name="verifyUpdateButtonIsDisplayedSuccessfullyInTheEditContactSection" time="5.104"/>
</testsuite> <!-- testScript.ManageContactTest -->
