<?xml version="1.0" encoding="UTF-8"?>
<!-- Generated by org.testng.reporters.JUnitReportReporter -->
<testsuite hostname="DESKTOP-PALE4QF" failures="0" tests="2" name="testScript.AdminUsersTest" time="23.963" errors="0" timestamp="2025-06-03T01:04:06 IST" skipped="1">
  <testcase classname="testScript.AdminUsersTest" name="adminUsersTest" time="6.135"/>
  <testcase classname="testScript.AdminUsersTest" name="adminUsersTest" time="17.828">
    <skipped/>
  </testcase> <!-- adminUsersTest -->
</testsuite> <!-- testScript.AdminUsersTest -->
